This is pdfTeX, Version 3.1415926-2.3-1.40.12 (MiKTeX 2.9) (preloaded format=latex 2016.7.15)  18 JUN 2017 14:11
entering extended mode
**bare_conf.tex
(C:\Users\wxc123\Desktop\IEEEtran\bare_conf.tex
LaTeX2e <2011/06/27>
Babel <v3.8m> and hyphenation patterns for loaded.
(C:\Users\wxc123\Desktop\IEEEtran\IEEEtran.cls
Document Class: IEEEtran 2015/08/26 V1.8b by Michael Shell
-- See the "IEEEtran_HOWTO" manual for usage information.
-- http://www.michaelshell.org/tex/ieeetran/
\@IEEEtrantmpdimenA=\dimen102
\@IEEEtrantmpdimenB=\dimen103
\@IEEEtrantmpdimenC=\dimen104
\@IEEEtrantmpcountA=\count79
\@IEEEtrantmpcountB=\count80
\@IEEEtrantmpcountC=\count81
\@IEEEtrantmptoksA=\toks14
LaTeX Font Info:    Try loading font information for OT1+ptm on input line 503.

(D:\CTEX\MiKTeX\tex\latex\psnfss\ot1ptm.fd
File: ot1ptm.fd 2001/06/04 font definitions for OT1/ptm.
)
-- Using 8.5in x 11in (letter) paper.
-- Using DVI output.
\@IEEEnormalsizeunitybaselineskip=\dimen105
-- This is a 10 point document.
\CLASSINFOnormalsizebaselineskip=\dimen106
\CLASSINFOnormalsizeunitybaselineskip=\dimen107
\IEEEnormaljot=\dimen108
LaTeX Font Info:    Font shape `OT1/ptm/bx/n' in size <5> not available
(Font)              Font shape `OT1/ptm/b/n' tried instead on input line 1090.
LaTeX Font Info:    Font shape `OT1/ptm/bx/it' in size <5> not available
(Font)              Font shape `OT1/ptm/b/it' tried instead on input line 1090.

LaTeX Font Info:    Font shape `OT1/ptm/bx/n' in size <7> not available
(Font)              Font shape `OT1/ptm/b/n' tried instead on input line 1090.
LaTeX Font Info:    Font shape `OT1/ptm/bx/it' in size <7> not available
(Font)              Font shape `OT1/ptm/b/it' tried instead on input line 1090.

LaTeX Font Info:    Font shape `OT1/ptm/bx/n' in size <8> not available
(Font)              Font shape `OT1/ptm/b/n' tried instead on input line 1090.
LaTeX Font Info:    Font shape `OT1/ptm/bx/it' in size <8> not available
(Font)              Font shape `OT1/ptm/b/it' tried instead on input line 1090.

LaTeX Font Info:    Font shape `OT1/ptm/bx/n' in size <9> not available
(Font)              Font shape `OT1/ptm/b/n' tried instead on input line 1090.
LaTeX Font Info:    Font shape `OT1/ptm/bx/it' in size <9> not available
(Font)              Font shape `OT1/ptm/b/it' tried instead on input line 1090.

LaTeX Font Info:    Font shape `OT1/ptm/bx/n' in size <10> not available
(Font)              Font shape `OT1/ptm/b/n' tried instead on input line 1090.
LaTeX Font Info:    Font shape `OT1/ptm/bx/it' in size <10> not available
(Font)              Font shape `OT1/ptm/b/it' tried instead on input line 1090.

LaTeX Font Info:    Font shape `OT1/ptm/bx/n' in size <11> not available
(Font)              Font shape `OT1/ptm/b/n' tried instead on input line 1090.
LaTeX Font Info:    Font shape `OT1/ptm/bx/it' in size <11> not available
(Font)              Font shape `OT1/ptm/b/it' tried instead on input line 1090.

LaTeX Font Info:    Font shape `OT1/ptm/bx/n' in size <12> not available
(Font)              Font shape `OT1/ptm/b/n' tried instead on input line 1090.
LaTeX Font Info:    Font shape `OT1/ptm/bx/it' in size <12> not available
(Font)              Font shape `OT1/ptm/b/it' tried instead on input line 1090.

LaTeX Font Info:    Font shape `OT1/ptm/bx/n' in size <17> not available
(Font)              Font shape `OT1/ptm/b/n' tried instead on input line 1090.
LaTeX Font Info:    Font shape `OT1/ptm/bx/it' in size <17> not available
(Font)              Font shape `OT1/ptm/b/it' tried instead on input line 1090.

LaTeX Font Info:    Font shape `OT1/ptm/bx/n' in size <20> not available
(Font)              Font shape `OT1/ptm/b/n' tried instead on input line 1090.
LaTeX Font Info:    Font shape `OT1/ptm/bx/it' in size <20> not available
(Font)              Font shape `OT1/ptm/b/it' tried instead on input line 1090.

LaTeX Font Info:    Font shape `OT1/ptm/bx/n' in size <24> not available
(Font)              Font shape `OT1/ptm/b/n' tried instead on input line 1090.
LaTeX Font Info:    Font shape `OT1/ptm/bx/it' in size <24> not available
(Font)              Font shape `OT1/ptm/b/it' tried instead on input line 1090.

\IEEEquantizedlength=\dimen109
\IEEEquantizedlengthdiff=\dimen110
\IEEEquantizedtextheightdiff=\dimen111
\IEEEilabelindentA=\dimen112
\IEEEilabelindentB=\dimen113
\IEEEilabelindent=\dimen114
\IEEEelabelindent=\dimen115
\IEEEdlabelindent=\dimen116
\IEEElabelindent=\dimen117
\IEEEiednormlabelsep=\dimen118
\IEEEiedmathlabelsep=\dimen119
\IEEEiedtopsep=\skip41
\c@section=\count82
\c@subsection=\count83
\c@subsubsection=\count84
\c@paragraph=\count85
\c@IEEEsubequation=\count86
\abovecaptionskip=\skip42
\belowcaptionskip=\skip43
\c@figure=\count87
\c@table=\count88
\@IEEEeqnnumcols=\count89
\@IEEEeqncolcnt=\count90
\@IEEEsubeqnnumrollback=\count91
\@IEEEquantizeheightA=\dimen120
\@IEEEquantizeheightB=\dimen121
\@IEEEquantizeheightC=\dimen122
\@IEEEquantizeprevdepth=\dimen123
\@IEEEquantizemultiple=\count92
\@IEEEquantizeboxA=\box26
\@IEEEtmpitemindent=\dimen124
\IEEEPARstartletwidth=\dimen125
\c@IEEEbiography=\count93
\@IEEEtranrubishbin=\box27
) (D:\CTEX\MiKTeX\tex\latex\cite\cite.sty
LaTeX Info: Redefining \cite on input line 302.
LaTeX Info: Redefining \nocite on input line 373.
Package: cite 2010/09/10  v 5.3
)
(C:\Users\wxc123\Desktop\IEEEtran\bare_conf.aux)
LaTeX Font Info:    Checking defaults for OML/cmm/m/it on input line 10.
LaTeX Font Info:    ... okay on input line 10.
LaTeX Font Info:    Checking defaults for T1/cmr/m/n on input line 10.
LaTeX Font Info:    ... okay on input line 10.
LaTeX Font Info:    Checking defaults for OT1/cmr/m/n on input line 10.
LaTeX Font Info:    ... okay on input line 10.
LaTeX Font Info:    Checking defaults for OMS/cmsy/m/n on input line 10.
LaTeX Font Info:    ... okay on input line 10.
LaTeX Font Info:    Checking defaults for OMX/cmex/m/n on input line 10.
LaTeX Font Info:    ... okay on input line 10.
LaTeX Font Info:    Checking defaults for U/cmr/m/n on input line 10.
LaTeX Font Info:    ... okay on input line 10.

-- Lines per column: 56 (exact).

LaTeX Warning: Citation `Kaya2017Video' on page 1 undefined on input line 41.


LaTeX Warning: Citation `Kaya2015Contrasting' on page 1 undefined on input line
 41.


LaTeX Warning: Citation `Saeed2012Effective' on page 1 undefined on input line 
41.


LaTeX Warning: Citation `Yao2015Capturing' on page 1 undefined on input line 41
.


LaTeX Warning: Citation `Bartlett2005Recognizing' on page 1 undefined on input 
line 41.


LaTeX Warning: Citation `Kahou2013Combining' on page 1 undefined on input line 
41.


LaTeX Warning: Citation `Fan2016Video' on page 1 undefined on input line 41.


LaTeX Warning: Citation `Yao2016HoloNet' on page 1 undefined on input line 41.


LaTeX Warning: Citation `Dhall2016EmotiW' on page 1 undefined on input line 43.



LaTeX Warning: Citation `Kaya2017Video' on page 1 undefined on input line 43.


LaTeX Warning: Citation `Kahou2015Recurrent' on page 1 undefined on input line 
43.

LaTeX Font Info:    External font `cmex10' loaded for size
(Font)              <7> on input line 49.
LaTeX Font Info:    External font `cmex10' loaded for size
(Font)              <5> on input line 49.
[1


]

LaTeX Warning: Citation `Kaya2017Video' on page 2 undefined on input line 63.


LaTeX Warning: Citation `Chen2014Joint' on page 2 undefined on input line 65.


LaTeX Warning: Citation `Ramanan2012Face' on page 2 undefined on input line 65.



LaTeX Warning: Citation `Ng2015Deep' on page 2 undefined on input line 69.


LaTeX Warning: Citation `Razavian2014CNN' on page 2 undefined on input line 69.



LaTeX Warning: Citation `Kim2016Hierarchical' on page 2 undefined on input line
 69.


LaTeX Warning: Citation `Kaya2017Video' on page 2 undefined on input line 71.


LaTeX Warning: Citation `VGGFace' on page 2 undefined on input line 71.


LaTeX Warning: Citation `Goodfeli-et-al-2013' on page 2 undefined on input line
 71.


LaTeX Warning: Citation `Jia2014Caffe' on page 2 undefined on input line 73.


LaTeX Warning: Citation `Dalal2005Histograms' on page 2 undefined on input line
 76.


LaTeX Warning: Citation `Liu2016Video' on page 2 undefined on input line 80.


LaTeX Warning: Citation `Lowe2004Distinctive' on page 2 undefined on input line
 83.

[2]

LaTeX Warning: Citation `LBP2014' on page 3 undefined on input line 88.


LaTeX Warning: Citation `visual1980' on page 3 undefined on input line 92.


Underfull \hbox (badness 1424) in paragraph at lines 95--96
\OT1/ptm/m/n/10 are com-put-ed by tak-ing 2-D Dis-crete Fouri-er Trans-for-
 []


LaTeX Warning: Citation `Xu2015Adaptive' on page 3 undefined on input line 114.


[3]

LaTeX Warning: Citation `Kaya2017Video' on page 4 undefined on input line 146.


LaTeX Warning: Citation `Lucey2010The' on page 4 undefined on input line 163.


LaTeX Warning: Citation `Chen2007TFEID' on page 4 undefined on input line 166.


Underfull \hbox (badness 4505) in paragraph at lines 166--167
 \OT1/ptm/m/it/10 2) T-FEI-D: [][] []\OT1/ptm/m/n/10 The Tai-wanese Fa-cial Ex-
pres-sion Im-age
 []


LaTeX Warning: Citation `Lyons2002Automatic' on page 4 undefined on input line 
169.


Underfull \hbox (badness 5446) in paragraph at lines 169--170
 \OT1/ptm/m/it/10 3) JAFFE: [][] []\OT1/ptm/m/n/10 The Japanese Fe-male Fa-cial
 Ex-pres-sion
 []


LaTeX Warning: Citation `Lundqvist1998The' on page 4 undefined on input line 17
2.


Underfull \hbox (badness 2486) in paragraph at lines 172--173
 \OT1/ptm/m/it/10 4) KDE-F: [][] []\OT1/ptm/m/n/10 The Karolin-s-ka Di-rect-ed 
E-mo-tion-al Faces
 []

[4]
LaTeX Font Info:    External font `cmex10' loaded for size
(Font)              <8> on input line 201.
LaTeX Font Info:    External font `cmex10' loaded for size
(Font)              <6> on input line 201.


LaTeX Warning: Citation `Wang2013Capturing' on page 5 undefined on input line 2
52.


LaTeX Warning: Citation `Liu2014Deeply' on page 5 undefined on input line 254.

(C:\Users\wxc123\Desktop\IEEEtran\bare_conf.bbl)

** Conference Paper **
Before submitting the final camera ready copy, remember to:

 1. Manually equalize the lengths of two columns on the last page
 of your paper;

 2. Ensure that any PostScript and/or PDF output post-processing
 uses only Type 1 fonts and that every step in the generation
 process uses the appropriate paper size.

[5] (C:\Users\wxc123\Desktop\IEEEtran\bare_conf.aux)

LaTeX Warning: There were undefined references.

 ) 
Here is how much of TeX's memory you used:
 1197 strings out of 495355
 21288 string characters out of 3183882
 77705 words of memory out of 3000000
 4432 multiletter control sequences out of 15000+200000
 27825 words of font info for 62 fonts, out of 3000000 for 9000
 17 hyphenation exceptions out of 8191
 26i,8n,19p,1520b,236s stack positions out of 5000i,500n,10000p,200000b,50000s

Output written on bare_conf.dvi (5 pages, 42132 bytes).
